Error - 2021-10-20 12:02:16 --> Query error: No tables used - Invalid query: SELECT *
 LIMIT 10
Error - 2021-10-20 12:07:41 --> Query error: No tables used - Invalid query: SELECT *
 LIMIT 10
Error - 2021-10-20 13:06:20 --> Severity: Error --> Exception: syntax error, unexpected '{' /mnt/c/Posao/backend/src/app/example/example.php 13
Error - 2021-10-20 13:06:51 --> Severity: Error --> Exception: syntax error, unexpected '}' /mnt/c/Posao/backend/src/app/example/example.php 16
Error - 2021-10-20 13:06:52 --> Severity: Error --> Exception: syntax error, unexpected '}' /mnt/c/Posao/backend/src/app/example/example.php 16
Error - 2021-10-20 13:06:53 --> Severity: Error --> Exception: syntax error, unexpected '}' /mnt/c/Posao/backend/src/app/example/example.php 16
Error - 2021-10-20 13:07:20 --> Severity: Error --> Exception: syntax error, unexpected ')' /mnt/c/Posao/backend/src/app/example/example.php 21
Error - 2021-10-20 13:07:39 --> Severity: Error --> Exception: syntax error, unexpected end of file, expecting function (T_FUNCTION) or const (T_CONST) /mnt/c/Posao/backend/src/app/example/example.php 25
Error - 2021-10-20 13:26:46 --> Severity: Error --> Exception: Call to undefined function postIncomplete() /mnt/c/Posao/backend/src/app/example/example.php 31
Error - 2021-10-20 13:27:12 --> Severity: Error --> Exception: Call to undefined function postIncomplete() /mnt/c/Posao/backend/src/app/example/example.php 31
Error - 2021-10-20 13:27:32 --> Severity: Error --> Exception: Call to undefined function postIncomplete() /mnt/c/Posao/backend/src/app/example/example.php 13
Error - 2021-10-20 13:37:03 --> Severity: Error --> Exception: syntax error, unexpected ',' /mnt/c/Posao/backend/src/app/example/example.php 12
Error - 2021-10-20 13:44:18 --> Severity: Error --> Exception: syntax error, unexpected ',' /mnt/c/Posao/backend/src/app/example/example.php 12
Error - 2021-10-20 13:47:51 --> Severity: Error --> Exception: syntax error, unexpected 'foreach' (T_FOREACH) /mnt/c/Posao/backend/src/app/example/example.php 23
Error - 2021-10-20 13:48:00 --> Severity: Notice --> Undefined variable: array /mnt/c/Posao/backend/src/app/example/example.php 33
Error - 2021-10-20 13:48:00 --> Severity: Warning --> Invalid argument supplied for foreach() /mnt/c/Posao/backend/src/app/example/example.php 33
Error - 2021-10-20 13:48:00 --> Severity: Notice --> Undefined property: stdClass::$oib /mnt/c/Posao/backend/src/app/example/example.php 15
Error - 2021-10-20 13:48:18 --> Severity: Notice --> Undefined variable: array /mnt/c/Posao/backend/src/app/example/example.php 33
Error - 2021-10-20 13:48:18 --> Severity: Warning --> Invalid argument supplied for foreach() /mnt/c/Posao/backend/src/app/example/example.php 33
Error - 2021-10-20 13:48:18 --> Severity: Notice --> Undefined property: stdClass::$oib /mnt/c/Posao/backend/src/app/example/example.php 15
Error - 2021-10-20 14:56:08 --> Severity: Error --> Exception: Too few arguments to function example::test(), 0 passed in /mnt/c/Posao/backend/index.php on line 25 and exactly 2 expected /mnt/c/Posao/backend/src/app/example/example.php 11
Error - 2021-10-20 16:07:29 --> Severity: Error --> Exception: syntax error, unexpected '$conf' (T_VARIABLE), expecting function (T_FUNCTION) or const (T_CONST) /mnt/c/Posao/backend/src/sys/rest.php 15
Error - 2021-10-20 16:07:37 --> Severity: Error --> Exception: syntax error, unexpected '$conf' (T_VARIABLE), expecting function (T_FUNCTION) or const (T_CONST) /mnt/c/Posao/backend/src/sys/rest.php 15
Error - 2021-10-20 16:08:02 --> Severity: Error --> Exception: syntax error, unexpected '$conf' (T_VARIABLE), expecting function (T_FUNCTION) or const (T_CONST) /mnt/c/Posao/backend/src/sys/rest.php 15
Error - 2021-10-20 16:08:30 --> Severity: Error --> Exception: syntax error, unexpected '$options' (T_VARIABLE), expecting ')' /mnt/c/Posao/backend/src/sys/rest.php 60
Error - 2021-10-20 16:11:11 --> Severity: Error --> Exception: Call to private method rest::curl() from context '' /mnt/c/Posao/backend/index.php 35
